Flow report for DE10_NANO_SoC_GHRD
Thu Jun 24 08:55:03 2021
Quartus Prime Version 20.1.0 Build 711 06/05/2020 SJ Lite Edition


---------------------
; Table of Contents ;
---------------------
  1. Legal Notice
  2. Flow Summary
  3. Flow Settings
  4. Flow Non-Default Global Settings
  5. Flow Elapsed Time
  6. Flow OS Summary
  7. Flow Log
  8. Flow Messages
  9. Flow Suppressed Messages



----------------
; Legal Notice ;
----------------
Copyright (C) 2020  Intel Corporation. All rights reserved.
Your use of Intel Corporation's design tools, logic functions 
and other software and tools, and any partner logic 
functions, and any output files from any of the foregoing 
(including device programming or simulation files), and any 
associated documentation or information are expressly subject 
to the terms and conditions of the Intel Program License 
Subscription Agreement, the Intel Quartus Prime License Agreement,
the Intel FPGA IP License Agreement, or other applicable license
agreement, including, without limitation, that your use is for
the sole purpose of programming logic devices manufactured by
Intel and sold by Intel or its authorized distributors.  Please
refer to the applicable agreement for further details, at
https://fpgasoftware.intel.com/eula.



+-------------------------------------------------------------------------------+
; Flow Summary                                                                  ;
+---------------------------------+---------------------------------------------+
; Flow Status                     ; Successful - Thu Jun 24 08:55:03 2021       ;
; Quartus Prime Version           ; 20.1.0 Build 711 06/05/2020 SJ Lite Edition ;
; Revision Name                   ; DE10_NANO_SoC_GHRD                          ;
; Top-level Entity Name           ; DE10_NANO_SoC_GHRD                          ;
; Family                          ; Cyclone V                                   ;
; Device                          ; 5CSEBA6U23I7                                ;
; Timing Models                   ; Final                                       ;
; Logic utilization (in ALMs)     ; 2,894 / 41,910 ( 7 % )                      ;
; Total registers                 ; 4359                                        ;
; Total pins                      ; 177 / 314 ( 56 % )                          ;
; Total virtual pins              ; 0                                           ;
; Total block memory bits         ; 2,816 / 5,662,720 ( < 1 % )                 ;
; Total DSP Blocks                ; 0 / 112 ( 0 % )                             ;
; Total HSSI RX PCSs              ; 0                                           ;
; Total HSSI PMA RX Deserializers ; 0                                           ;
; Total HSSI TX PCSs              ; 0                                           ;
; Total HSSI PMA TX Serializers   ; 0                                           ;
; Total PLLs                      ; 0 / 6 ( 0 % )                               ;
; Total DLLs                      ; 1 / 4 ( 25 % )                              ;
+---------------------------------+---------------------------------------------+


+-----------------------------------------+
; Flow Settings                           ;
+-------------------+---------------------+
; Option            ; Setting             ;
+-------------------+---------------------+
; Start date & time ; 06/24/2021 08:48:37 ;
; Main task         ; Compilation         ;
; Revision Name     ; DE10_NANO_SoC_GHRD  ;
+-------------------+---------------------+


+------------------------------------------------------------------------------------------------------------------------------------------------------------------------------------+
; Flow Non-Default Global Settings                                                                                                                                                   ;
+---------------------------------------+--------------------------------------------------------------------------+---------------+--------------------------------+----------------+
; Assignment Name                       ; Value                                                                    ; Default Value ; Entity Name                    ; Section Id     ;
+---------------------------------------+--------------------------------------------------------------------------+---------------+--------------------------------+----------------+
; COMPILER_SIGNATURE_ID                 ; 103608863719609.162449211327728                                          ; --            ; --                             ; --             ;
; ECO_REGENERATE_REPORT                 ; On                                                                       ; Off           ; --                             ; --             ;
; EDA_OUTPUT_DATA_FORMAT                ; Verilog Hdl                                                              ; --            ; --                             ; eda_simulation ;
; EDA_SIMULATION_TOOL                   ; ModelSim-Altera (Verilog)                                                ; <None>        ; --                             ; --             ;
; HPS_ISW_FILE                          ; soc_system/synthesis/submodules/sequencer/alt_types.pre.h                ; --            ; soc_system_hps_0_hps_io_border ; --             ;
; HPS_ISW_FILE                          ; soc_system/synthesis/submodules/sequencer/emif.pre.xml                   ; --            ; soc_system_hps_0_hps_io_border ; --             ;
; HPS_ISW_FILE                          ; soc_system/synthesis/submodules/sequencer/sdram_io.pre.h                 ; --            ; soc_system_hps_0_hps_io_border ; --             ;
; HPS_ISW_FILE                          ; soc_system/synthesis/submodules/sequencer/sequencer.pre.c                ; --            ; soc_system_hps_0_hps_io_border ; --             ;
; HPS_ISW_FILE                          ; soc_system/synthesis/submodules/sequencer/sequencer.pre.h                ; --            ; soc_system_hps_0_hps_io_border ; --             ;
; HPS_ISW_FILE                          ; soc_system/synthesis/submodules/sequencer/sequencer_auto.pre.h           ; --            ; soc_system_hps_0_hps_io_border ; --             ;
; HPS_ISW_FILE                          ; soc_system/synthesis/submodules/sequencer/sequencer_auto_ac_init.pre.c   ; --            ; soc_system_hps_0_hps_io_border ; --             ;
; HPS_ISW_FILE                          ; soc_system/synthesis/submodules/sequencer/sequencer_auto_inst_init.pre.c ; --            ; soc_system_hps_0_hps_io_border ; --             ;
; HPS_ISW_FILE                          ; soc_system/synthesis/submodules/sequencer/sequencer_defines.pre.h        ; --            ; soc_system_hps_0_hps_io_border ; --             ;
; HPS_ISW_FILE                          ; soc_system/synthesis/submodules/sequencer/system.pre.h                   ; --            ; soc_system_hps_0_hps_io_border ; --             ;
; HPS_ISW_FILE                          ; soc_system/synthesis/submodules/sequencer/tclrpt.pre.c                   ; --            ; soc_system_hps_0_hps_io_border ; --             ;
; HPS_ISW_FILE                          ; soc_system/synthesis/submodules/sequencer/tclrpt.pre.h                   ; --            ; soc_system_hps_0_hps_io_border ; --             ;
; HPS_ISW_FILE                          ; soc_system/synthesis/submodules/hps.pre.xml                              ; --            ; soc_system_hps_0_hps_io_border ; --             ;
; HPS_PARTITION                         ; On                                                                       ; --            ; soc_system_hps_0_hps_io_border ; --             ;
; MAX_CORE_JUNCTION_TEMP                ; 100                                                                      ; --            ; --                             ; --             ;
; MIN_CORE_JUNCTION_TEMP                ; -40                                                                      ; --            ; --                             ; --             ;
; MISC_FILE                             ; ip/altsource_probe/hps_reset_bb.v                                        ; --            ; --                             ; --             ;
; MISC_FILE                             ; soc_system/synthesis/../soc_system.cmp                                   ; --            ; --                             ; --             ;
; MISC_FILE                             ; soc_system/synthesis/../../D                                             ; --            ; --                             ; --             ;
; MISC_FILE                             ; soc_system/synthesis/soc_system_hps_0_hps.svd                            ; --            ; --                             ; --             ;
; MISC_FILE                             ; soc_system/synthesis/../../soc_system.qsys                               ; --            ; --                             ; --             ;
; MISC_FILE                             ; soc_system/synthesis/submodules/sequencer/alt_types.pre.h                ; --            ; --                             ; --             ;
; MISC_FILE                             ; soc_system/synthesis/submodules/sequencer/emif.pre.xml                   ; --            ; --                             ; --             ;
; MISC_FILE                             ; soc_system/synthesis/submodules/sequencer/sdram_io.pre.h                 ; --            ; --                             ; --             ;
; MISC_FILE                             ; soc_system/synthesis/submodules/sequencer/sequencer.pre.c                ; --            ; --                             ; --             ;
; MISC_FILE                             ; soc_system/synthesis/submodules/sequencer/sequencer.pre.h                ; --            ; --                             ; --             ;
; MISC_FILE                             ; soc_system/synthesis/submodules/sequencer/sequencer_auto.pre.h           ; --            ; --                             ; --             ;
; MISC_FILE                             ; soc_system/synthesis/submodules/sequencer/sequencer_auto_ac_init.pre.c   ; --            ; --                             ; --             ;
; MISC_FILE                             ; soc_system/synthesis/submodules/sequencer/sequencer_auto_inst_init.pre.c ; --            ; --                             ; --             ;
; MISC_FILE                             ; soc_system/synthesis/submodules/sequencer/sequencer_defines.pre.h        ; --            ; --                             ; --             ;
; MISC_FILE                             ; soc_system/synthesis/submodules/sequencer/system.pre.h                   ; --            ; --                             ; --             ;
; MISC_FILE                             ; soc_system/synthesis/submodules/sequencer/tclrpt.pre.c                   ; --            ; --                             ; --             ;
; MISC_FILE                             ; soc_system/synthesis/submodules/sequencer/tclrpt.pre.h                   ; --            ; --                             ; --             ;
; MISC_FILE                             ; soc_system/synthesis/submodules/hps.pre.xml                              ; --            ; --                             ; --             ;
; PARTITION_COLOR                       ; -- (Not supported for targeted family)                                   ; --            ; --                             ; Top            ;
; PARTITION_FITTER_PRESERVATION_LEVEL   ; -- (Not supported for targeted family)                                   ; --            ; --                             ; Top            ;
; PARTITION_NETLIST_TYPE                ; -- (Not supported for targeted family)                                   ; --            ; --                             ; Top            ;
; POWER_BOARD_THERMAL_MODEL             ; None (CONSERVATIVE)                                                      ; --            ; --                             ; --             ;
; POWER_PRESET_COOLING_SOLUTION         ; 23 MM HEAT SINK WITH 200 LFPM AIRFLOW                                    ; --            ; --                             ; --             ;
; PROJECT_OUTPUT_DIRECTORY              ; output_files                                                             ; --            ; --                             ; --             ;
; SLD_FILE                              ; soc_system/synthesis/soc_system.regmap                                   ; --            ; --                             ; --             ;
; SLD_FILE                              ; soc_system/synthesis/soc_system.debuginfo                                ; --            ; --                             ; --             ;
; SLD_INFO                              ; QSYS_NAME soc_system HAS_SOPCINFO 1 GENERATION_ID 1624460582             ; --            ; soc_system                     ; --             ;
; SMART_RECOMPILE                       ; On                                                                       ; Off           ; --                             ; --             ;
; SOPCINFO_FILE                         ; soc_system/synthesis/../../soc_system.sopcinfo                           ; --            ; --                             ; --             ;
; SYNTHESIS_ONLY_QIP                    ; On                                                                       ; --            ; --                             ; --             ;
; USE_DLL_FREQUENCY_FOR_DQS_DELAY_CHAIN ; On                                                                       ; Off           ; --                             ; --             ;
+---------------------------------------+--------------------------------------------------------------------------+---------------+--------------------------------+----------------+


+--------------------------------------------------------------------------------------------------------------------------+
; Flow Elapsed Time                                                                                                        ;
+----------------------+--------------+-------------------------+---------------------+------------------------------------+
; Module Name          ; Elapsed Time ; Average Processors Used ; Peak Virtual Memory ; Total CPU Time (on all processors) ;
+----------------------+--------------+-------------------------+---------------------+------------------------------------+
; Analysis & Synthesis ; 00:00:45     ; 1.0                     ; 5278 MB             ; 00:01:06                           ;
; Fitter               ; 00:02:25     ; 1.2                     ; 7752 MB             ; 00:08:18                           ;
; Assembler            ; 00:00:11     ; 1.0                     ; 4919 MB             ; 00:00:10                           ;
; Timing Analyzer      ; 00:00:39     ; 1.4                     ; 6056 MB             ; 00:00:53                           ;
; EDA Netlist Writer   ; 00:00:06     ; 1.0                     ; 4856 MB             ; 00:00:05                           ;
; Total                ; 00:04:06     ; --                      ; --                  ; 00:10:32                           ;
+----------------------+--------------+-------------------------+---------------------+------------------------------------+


+------------------------------------------------------------------------------------+
; Flow OS Summary                                                                    ;
+----------------------+------------------+------------+------------+----------------+
; Module Name          ; Machine Hostname ; OS Name    ; OS Version ; Processor type ;
+----------------------+------------------+------------+------------+----------------+
; Analysis & Synthesis ; DESKTOP-KQP6JFU  ; Windows 10 ; 10.0       ; x86_64         ;
; Fitter               ; DESKTOP-KQP6JFU  ; Windows 10 ; 10.0       ; x86_64         ;
; Assembler            ; DESKTOP-KQP6JFU  ; Windows 10 ; 10.0       ; x86_64         ;
; Timing Analyzer      ; DESKTOP-KQP6JFU  ; Windows 10 ; 10.0       ; x86_64         ;
; EDA Netlist Writer   ; DESKTOP-KQP6JFU  ; Windows 10 ; 10.0       ; x86_64         ;
+----------------------+------------------+------------+------------+----------------+


------------
; Flow Log ;
------------
quartus_map --read_settings_files=on --write_settings_files=off DE10_NANO_SoC_GHRD -c DE10_NANO_SoC_GHRD
quartus_fit --read_settings_files=off --write_settings_files=off DE10_NANO_SoC_GHRD -c DE10_NANO_SoC_GHRD
quartus_asm --read_settings_files=off --write_settings_files=off DE10_NANO_SoC_GHRD -c DE10_NANO_SoC_GHRD
quartus_sta DE10_NANO_SoC_GHRD -c DE10_NANO_SoC_GHRD
quartus_eda --read_settings_files=off --write_settings_files=off DE10_NANO_SoC_GHRD -c DE10_NANO_SoC_GHRD



